Arguments: 
  /usr/local/bin/node /usr/local/bin/yarn add @material-ui/core/styles --save

PATH: 
  /usr/local/bin:/usr/bin:/bin:/usr/sbin:/sbin:/usr/local/share/dotnet:/opt/X11/bin:~/.dotnet/tools:/Library/Frameworks/Mono.framework/Versions/Current/Commands

Yarn version: 
  1.17.3

Node version: 
  10.16.0

Platform: 
  darwin x64

Trace: 
  Error: https://registry.yarnpkg.com/@material-ui%2fcore/styles: Request "https://registry.yarnpkg.com/@material-ui%2fcore/styles" returned a 405
      at Request.params.callback [as _callback] (/usr/local/lib/node_modules/yarn/lib/cli.js:66839:18)
      at Request.self.callback (/usr/local/lib/node_modules/yarn/lib/cli.js:140464:22)
      at Request.emit (events.js:198:13)
      at Request.<anonymous> (/usr/local/lib/node_modules/yarn/lib/cli.js:141436:10)
      at Request.emit (events.js:198:13)
      at IncomingMessage.<anonymous> (/usr/local/lib/node_modules/yarn/lib/cli.js:141358:12)
      at Object.onceWrapper (events.js:286:20)
      at IncomingMessage.emit (events.js:203:15)
      at endReadableNT (_stream_readable.js:1129:12)
      at process._tickCallback (internal/process/next_tick.js:63:19)

npm manifest: 
  {
    "name": "project-frontend",
    "version": "1.0.0",
    "description": "",
    "main": "index.js",
    "devDependencies": {
      "@babel/core": "^7.4.5",
      "@babel/plugin-proposal-class-properties": "^7.4.4",
      "@babel/plugin-proposal-decorators": "^7.4.4",
      "@babel/plugin-syntax-dynamic-import": "^7.2.0",
      "@babel/preset-env": "^7.4.5",
      "@babel/preset-react": "^7.0.0",
      "babel-jest": "^24.8.0",
      "eslint": "^5.3.0",
      "eslint-config-airbnb": "^17.1.1",
      "eslint-config-prettier": "^3.0.1",
      "eslint-friendly-formatter": "^4.0.1",
      "eslint-plugin-babel": "^5.1.0",
      "eslint-plugin-import": "^2.18.2",
      "eslint-plugin-jsx-a11y": "^6.2.3",
      "eslint-plugin-react": "^7.14.3",
      "jest": "^24.8.0",
      "lint-staged": "^8.1.7",
      "prettier": "^1.17.1",
      "react-scripts": "^1.1.5",
      "react-test-renderer": "^16.8.6",
      "testcafe": "^1.3.3"
    },
    "dependencies": {
      "@material-ui/core": "^3.9.3",
      "@material-ui/icons": "^3.0.2",
      "axios": "^0.18.0",
      "config": "^3.1.0",
      "lodash": "^4.17.11",
      "moment": "^2.24.0",
      "prop-types": "^15.7.2",
      "react": "^16.9.0",
      "react-dom": "^16.9.0",
      "react-dropzone": "^10.1.5",
      "react-material-ui-form-validator": "^2.0.8",
      "react-redux": "^7.0.3",
      "react-router-dom": "^5.0.0",
      "redux": "^4.0.1",
      "redux-persist": "^5.10.0",
      "redux-thunk": "^2.3.0"
    },
    "lint-staged": {
      "*.js": [
        "npm run prettier",
        "eslint --fix",
        "git add"
      ]
    },
    "scripts": {
      "prettier": "prettier \"{,**/}*.js\" --write",
      "precommit": "lint-staged",
      "start": "react-scripts start",
      "build": "react-scripts build",
      "test": "jest",
      "eject": "react-scripts eject"
    },
    "author": "",
    "license": "ISC",
    "browserslist": {
      "production": [
        ">0.2%",
        "not dead",
        "not op_mini all"
      ],
      "development": [
        "last 1 chrome version",
        "last 1 firefox version",
        "last 1 safari version"
      ]
    }
  }

yarn manifest: 
  No manifest

Lockfile: 
  No lockfile
